Removed Pin From Net: NetName=5V Pin=R10-1
Removed Pin From Net: NetName=GND Pin=SW1-2
Removed Member From Class: ClassName=SCH_Persion_Counter Member=SW1
Change Component Footprint: Designator=R10 Old Footprint=tro vach 1/4w New Footprint=tro smd 0805
Change Component Comment : Designator=R10 Old Comment=10k New Comment=1k
Change Component Designator: OldDesignator=ADC NewDesignator=JP1
Change Component Designator: OldDesignator=ICSP NewDesignator=P1
Change component parameters: Designator = "R10" ("R10"); Footprint = "tro vach 1/4w"; UniqueID = "\OCKMDVRP" ("\OCKMDVRP")
Change component parameters (AddParameter): Name = "Chung_Loai"; Value = "Dán"; VariantName = "[No Variations]"
Change component parameters (AddParameter): Name = "Don_Vi"; Value = "Con"; VariantName = "[No Variations]"
Change component parameters (AddParameter): Name = "Kieu_Chan"; Value = ""; VariantName = "[No Variations]"
Change component parameters (AddParameter): Name = "Ma_Hang"; Value = "MH005468"; VariantName = "[No Variations]"
Change component parameters (AddParameter): Name = "So_Chan"; Value = "2"; VariantName = "[No Variations]"
Change component parameters (AddParameter): Name = "Ten_Linh_Kien"; Value = "Tr? 0805 1% 1k"; VariantName = "[No Variations]"
Added Component: Designator=JP8(JP 1x2 CT)
Add component (AddParameter): Name = "Chung_Loai"; Value = "C?m"; VariantName = "[No Variations]"
Add component (AddParameter): Name = "Don_Vi"; Value = "Con"; VariantName = "[No Variations]"
Add component (AddParameter): Name = "Ghi_Chu"; Value = ""; VariantName = "[No Variations]"
Add component (AddParameter): Name = "Kieu_Chan"; Value = ""; VariantName = "[No Variations]"
Add component (AddParameter): Name = "Ma_Hang"; Value = "MH004006"; VariantName = "[No Variations]"
Add component (AddParameter): Name = "Ten_Linh_Kien"; Value = "Jump Ðon Cái 2.54MM 1x20P Th?ng"; VariantName = "[No Variations]"
Added Component: Designator=Q1(TO92)
Add component (AddParameter): Name = "Value"; Value = "C9014"; VariantName = "[No Variations]"
Added Pin To Net: NetName=5V Pin=JP8-1
Added Pin To Net: NetName=RD5 Pin=R10-1
Added Pin To Net: NetName=LED Pin=DS1-10
Added Pin To Net: NetName=LED Pin=Q1-1
Added Net: Name=LED
Added Pin To Net: NetName=NetJP8_2 Pin=JP8-2
Added Pin To Net: NetName=NetJP8_2 Pin=Q1-2
Added Net: Name=NetJP8_2
Added Pin To Net: NetName=NetQ1_3 Pin=Q1-3
Added Pin To Net: NetName=NetQ1_3 Pin=R10-2
Added Net: Name=NetQ1_3
Added Member To Class: ClassName=SCH_Persion_Counter Member=Component JP8 JP 1x2 2.54
Added Member To Class: ClassName=SCH_Persion_Counter Member=Component Q1 C1815
