Removed Pin From Net: NetName=GND Pin=IC3-4
Removed Pin From Net: NetName=5V Pin=IC3-8
Removed Pin From Net: NetName=NetIC2_3 Pin=L4-1
Removed Pin From Net: NetName=5V Pin=L4-2
Removed Pin From Net: NetName=5V Pin=L7-2
Removed Member From Class: ClassName=SCH_Persion_Counter Member=IC3
Removed Member From Class: ClassName=SCH_Persion_Counter Member=L9
Change Component Footprint: Designator=IC2 Old Footprint=DIP8/W0.3 New Footprint=SOP 8
Change Component Footprint: Designator=L6 Old Footprint=LED-3MM-BLUE New Footprint=LED-3MM-RED
Change Component Footprint: Designator=L7 Old Footprint=LED-3MM-RED New Footprint=LED-3MM-BLUE
Change Component Comment : Designator=IC2 Old Comment=LM358 New Comment=LM358 SOP8
Change component parameters: Designator = "L6" ("L6"); Footprint = "LED-3MM-BLUE"; UniqueID = "\POIGHHTW" ("\POIGHHTW")
Change component parameters (AddParameter): Name = "Chung_Loai"; Value = "C?m"; VariantName = "[No Variations]"
Change component parameters (AddParameter): Name = "Don_Vi"; Value = "Con"; VariantName = "[No Variations]"
Change component parameters (AddParameter): Name = "Ghi_Chu"; Value = ""; VariantName = "[No Variations]"
Change component parameters (AddParameter): Name = "Kieu_Chan"; Value = ""; VariantName = "[No Variations]"
Change component parameters (AddParameter): Name = "Ma_Hang"; Value = "MH003892"; VariantName = "[No Variations]"
Change component parameters (AddParameter): Name = "Ten_Linh_Kien"; Value = "Led 3MM Ph? Ð? (10c)"; VariantName = "[No Variations]"
Change component parameters: Designator = "L7" ("L7"); Footprint = "LED-3MM-RED"; UniqueID = "\HJQTGVOX" ("\HJQTGVOX")
Change component parameters (AddParameter): Name = "Chung_Loai"; Value = "C?m"; VariantName = "[No Variations]"
Change component parameters (AddParameter): Name = "Don_Vi"; Value = "Con"; VariantName = "[No Variations]"
Change component parameters (AddParameter): Name = "Ghi_Chu"; Value = ""; VariantName = "[No Variations]"
Change component parameters (AddParameter): Name = "Kieu_Chan"; Value = ""; VariantName = "[No Variations]"
Change component parameters (AddParameter): Name = "Ma_Hang"; Value = "MH009003"; VariantName = "[No Variations]"
Change component parameters (AddParameter): Name = "Ten_Linh_Kien"; Value = "LED 3MM Xanh Duong SS (1000c)"; VariantName = "[No Variations]"
Change component parameters: Designator = "IC2" ("IC2"); Footprint = "DIP8/W0.3"; UniqueID = "\JDLZMCIG" ("\JDLZMCIG")
Change component parameters (AddParameter): Name = "Chung_Loai"; Value = "Dán"; VariantName = "[No Variations]"
Change component parameters (AddParameter): Name = "Don_Vi"; Value = "Con"; VariantName = "[No Variations]"
Change component parameters (AddParameter): Name = "Ghi_Chu"; Value = ""; VariantName = "[No Variations]"
Change component parameters (AddParameter): Name = "Kieu_Chan"; Value = ""; VariantName = "[No Variations]"
Change component parameters (AddParameter): Name = "Ma_Hang"; Value = "MH000609"; VariantName = "[No Variations]"
Change component parameters (AddParameter): Name = "Ten_Linh_Kien"; Value = "LM358 SOP8"; VariantName = "[No Variations]"
Added Component: Designator=DS1(LED7SEGX2)
Add component (AddParameter): Name = "Colour"; Value = "Blue"; VariantName = "[No Variations]"
Add component (AddParameter): Name = "ComponentLink1Description"; Value = "Manufacturer Link"; VariantName = "[No Variations]"
Add component (AddParameter): Name = "ComponentLink1URL"; Value = "http://www.agilent.com/"; VariantName = "[No Variations]"
Add component (AddParameter): Name = "DatasheetDocument"; Value = "24-Sep-2002"; VariantName = "[No Variations]"
Add component (AddParameter): Name = "LatestRevisionDate"; Value = "17-Dec-2003"; VariantName = "[No Variations]"
Add component (AddParameter): Name = "LatestRevisionNote"; Value = "Schematic revised, PCB Footprint replaced."; VariantName = "[No Variations]"
Add component (AddParameter): Name = "MinimumIntensity"; Value = "2020 ucd"; VariantName = "[No Variations]"
Add component (AddParameter): Name = "Note"; Value = "IF = 10 mA"; VariantName = "[No Variations]"
Add component (AddParameter): Name = "PackageDocument"; Value = "24-Sep-2002"; VariantName = "[No Variations]"
Add component (AddParameter): Name = "PackageReference"; Value = "H"; VariantName = "[No Variations]"
Add component (AddParameter): Name = "Published"; Value = "8-Jun-2000"; VariantName = "[No Variations]"
Add component (AddParameter): Name = "Publisher"; Value = "Altium Limited"; VariantName = "[No Variations]"
Added Pin To Net: NetName=RC5 Pin=DS1-1
Added Pin To Net: NetName=RC4 Pin=DS1-3
Added Pin To Net: NetName=RC6 Pin=DS1-4
Added Pin To Net: NetName=RC7 Pin=DS1-6
Added Pin To Net: NetName=RD4 Pin=DS1-7
Added Pin To Net: NetName=RD3 Pin=DS1-8
Added Pin To Net: NetName=RD2 Pin=DS1-9
Added Pin To Net: NetName=RD0 Pin=IC2-1
Added Pin To Net: NetName=5V Pin=L4-1
Added Pin To Net: NetName=NetIC2_3 Pin=L4-2
Added Pin To Net: NetName=5V Pin=L7-1
Added Pin To Net: NetName=RD0 Pin=R3-1
Change Net Name : Old Net Name=SENSOR1 New Net Name=NetL5_1
Change Net Name : Old Net Name=SENSOR2 New Net Name=NetL8_1
Added Pin To Net: NetName=NetDS1_10 Pin=DS1-10
Added Pin To Net: NetName=NetDS1_10 Pin=SW1-3
Added Net: Name=NetDS1_10
Added Pin To Net: NetName=NetIC2_5 Pin=IC2-5
Added Pin To Net: NetName=NetIC2_5 Pin=L6-2
Added Pin To Net: NetName=NetIC2_5 Pin=R8-2
Added Net: Name=NetIC2_5
Added Pin To Net: NetName=NetIC2_6 Pin=IC2-6
Added Pin To Net: NetName=NetIC2_6 Pin=VR2-2
Added Net: Name=NetIC2_6
Added Pin To Net: NetName=NetIC2_7 Pin=IC2-7
Added Pin To Net: NetName=NetIC2_7 Pin=R6-1
Added Net: Name=NetIC2_7
Added Pin To Net: NetName=NetL7_2 Pin=L7-2
Added Pin To Net: NetName=NetL7_2 Pin=R7-1
Added Net: Name=NetL7_2
Added Member To Class: ClassName=SCH_Persion_Counter Member=Component DS1 7SEGX2
Added Room: Name=SCH_Persion_Counter
